[debug] [2021-06-04T15:27:18.339Z] ----------------------------------------------------------------------
[debug] [2021-06-04T15:27:18.341Z] Command:       /usr/local/bin/node /usr/local/bin/firebase init
[debug] [2021-06-04T15:27:18.342Z] CLI Version:   9.12.1
[debug] [2021-06-04T15:27:18.342Z] Platform:      darwin
[debug] [2021-06-04T15:27:18.342Z] Node Version:  v16.2.0
[debug] [2021-06-04T15:27:18.343Z] Time:          Fri Jun 04 2021 11:27:18 GMT-0400 (Eastern Daylight Time)
[debug] [2021-06-04T15:27:18.343Z] ----------------------------------------------------------------------
[debug] 
[debug] [2021-06-04T15:27:18.349Z] > command requires scopes: ["email","openid","https://www.googleapis.com/auth/cloudplatformprojects.readonly","https://www.googleapis.com/auth/firebase","https://www.googleapis.com/auth/cloud-platform"]
[debug] [2021-06-04T15:27:18.349Z] > authorizing via signed-in user (caesarkasambacooperjr@gmail.com)
[info] 
     ######## #### ########  ######## ########     ###     ######  ########
     ##        ##  ##     ## ##       ##     ##  ##   ##  ##       ##
     ######    ##  ########  ######   ########  #########  ######  ######
     ##        ##  ##    ##  ##       ##     ## ##     ##       ## ##
     ##       #### ##     ## ######## ########  ##     ##  ######  ########

You're about to initialize a Firebase project in this directory:

  /Users/mooshank/AngularProjects/my-menu-app

[info] 
=== Project Setup
[info] 
[info] First, let's associate this project directory with a Firebase project.
[info] You can create multiple project aliases by running firebase use --add, 
[info] but for now we'll just set up a default project.
[info] 
[debug] [2021-06-04T15:27:52.608Z] >>> [apiv2][query] GET https://firebase.googleapis.com/v1beta1/projects pageSize=100
[debug] [2021-06-04T15:27:52.872Z] <<< [apiv2][status] GET https://firebase.googleapis.com/v1beta1/projects 200
[debug] [2021-06-04T15:27:52.872Z] <<< [apiv2][body] GET https://firebase.googleapis.com/v1beta1/projects [omitted]
[info] i  Using project mymenuapp2001 (MyMenuApp) 
[info] 
=== Hosting Setup
[info] 
[info] Your public directory is the folder (relative to your project directory) that
[info] will contain Hosting assets to be uploaded with firebase deploy. If you
[info] have a build process for your assets, use your build's output directory.
[info] 
